<?xml version="1.0" encoding="UTF-8"?>
<!-- Generated by org.testng.reporters.JUnitXMLReporter -->
<testsuite ignored="8" hostname="ParamDesktop" failures="0" tests="9" name="Test" time="43.827" errors="0" timestamp="2024-07-17T10:31:34 IST">
  <testcase classname="AmazonTest.AmazonHomePage" name="openUrl" time="7.104"/>
  <testcase classname="AmazonTest.AmazonHomePage" name="openUrl" time="6.101"/>
  <testcase classname="AmazonTest.AmazonTabsTest" name="Amazontext" time="5.166"/>
  <testcase classname="AmazonTest.AmazonHomePage" name="openUrl" time="5.989"/>
  <testcase classname="AmazonTest.AmazonSigninTest" name="Amazonlogin" time="2.822"/>
  <testcase classname="AmazonTest.AmazonHomePage" name="openUrl" time="7.629"/>
  <testcase classname="AmazonTest.AmazonSearchPageTest" name="searching" time="1.736"/>
  <testcase classname="AmazonTest.AmazonCartTest" name="AmazonCart" time="0.696"/>
  <testcase classname="AmazonTest.AmazonHomePage" name="openUrl" time="6.146"/>
  <testcase classname="AmazonTest.AmazonHomePage" name="@AfterSuite quitBrowser" time="0.0">
    <ignored/>
  </testcase> <!-- @AfterSuite quitBrowser -->
  <testcase classname="AmazonTest.AmazonHomePage" name="@AfterSuite quitBrowser" time="0.0">
    <ignored/>
  </testcase> <!-- @AfterSuite quitBrowser -->
  <testcase classname="AmazonTest.AmazonHomePage" name="@BeforeSuite InitializeDriver" time="0.0">
    <ignored/>
  </testcase> <!-- @BeforeSuite InitializeDriver -->
  <testcase classname="AmazonTest.AmazonHomePage" name="@BeforeSuite InitializeDriver" time="0.0">
    <ignored/>
  </testcase> <!-- @BeforeSuite InitializeDriver -->
  <testcase classname="AmazonTest.AmazonHomePage" name="@BeforeSuite InitializeDriver" time="0.0">
    <ignored/>
  </testcase> <!-- @BeforeSuite InitializeDriver -->
  <testcase classname="AmazonTest.AmazonHomePage" name="@BeforeSuite InitializeDriver" time="0.0">
    <ignored/>
  </testcase> <!-- @BeforeSuite InitializeDriver -->
  <testcase classname="AmazonTest.AmazonHomePage" name="@AfterSuite quitBrowser" time="0.0">
    <ignored/>
  </testcase> <!-- @AfterSuite quitBrowser -->
  <testcase classname="AmazonTest.AmazonHomePage" name="@AfterSuite quitBrowser" time="0.0">
    <ignored/>
  </testcase> <!-- @AfterSuite quitBrowser -->
</testsuite> <!-- Test -->
