<?xml version="1.0" encoding="UTF-8"?>
<testng-results ignored="8" total="17" passed="9" failed="0" skipped="0">
  <reporter-output>
  </reporter-output>
  <suite started-at="2024-07-17T10:30:50 IST" name="Suite" finished-at="2024-07-17T10:31:34 IST" duration-ms="43827">
    <groups>
    </groups>
    <test started-at="2024-07-17T10:30:50 IST" name="Test" finished-at="2024-07-17T10:31:34 IST" duration-ms="43827">
      <class name="AmazonTest.AmazonCartTest">
        <test-method signature="AmazonCart()[pri:0, instance:AmazonTest.AmazonCartTest@20140db9]" started-at="2024-07-17T10:31:27 IST" name="AmazonCart" finished-at="2024-07-17T10:31:28 IST" duration-ms="696" status="PASS">
          <reporter-output>
          </reporter-output>
        </test-method> <!-- AmazonCart -->
        <test-method is-config="true" signature="beforeTestCase(java.lang.reflect.Method)[pri:0, instance:AmazonTest.AmazonCartTest@20140db9]" started-at="2024-07-17T10:31:27 IST" name="beforeTestCase" finished-at="2024-07-17T10:31:27 IST" duration-ms="0" status="PASS">
          <params>
            <param index="0">
              <value>
                <![CDATA[public void AmazonTest.AmazonCartTest.AmazonCart()]]>
              </value>
            </param>
          </params>
          <reporter-output>
          </reporter-output>
        </test-method> <!-- beforeTestCase -->
        <test-method is-config="true" signature="status(org.testng.ITestResult)[pri:0, instance:AmazonTest.AmazonCartTest@20140db9]" started-at="2024-07-17T10:31:28 IST" name="status" finished-at="2024-07-17T10:31:28 IST" duration-ms="22" status="PASS">
          <params>
            <param index="0">
              <value>
                <![CDATA[[TestResult name=AmazonCart status=SUCCESS method=AmazonCartTest.AmazonCart()[pri:0, instance:AmazonTest.AmazonCartTest@20140db9] output={null}]]]>
              </value>
            </param>
          </params>
          <reporter-output>
          </reporter-output>
        </test-method> <!-- status -->
        <test-method is-config="true" signature="beforeTestCase(java.lang.reflect.Method)[pri:0, instance:AmazonTest.AmazonCartTest@20140db9]" started-at="2024-07-17T10:31:28 IST" name="beforeTestCase" finished-at="2024-07-17T10:31:28 IST" duration-ms="0" status="PASS">
          <params>
            <param index="0">
              <value>
                <![CDATA[public void AmazonTest.AmazonHomePage.openUrl() throws java.lang.InterruptedException]]>
              </value>
            </param>
          </params>
          <reporter-output>
          </reporter-output>
        </test-method> <!-- beforeTestCase -->
        <test-method signature="openUrl()[pri:0, instance:AmazonTest.AmazonCartTest@20140db9]" started-at="2024-07-17T10:31:28 IST" name="openUrl" finished-at="2024-07-17T10:31:34 IST" duration-ms="6146" status="PASS">
          <reporter-output>
          </reporter-output>
        </test-method> <!-- openUrl -->
        <test-method is-config="true" signature="status(org.testng.ITestResult)[pri:0, instance:AmazonTest.AmazonCartTest@20140db9]" started-at="2024-07-17T10:31:34 IST" name="status" finished-at="2024-07-17T10:31:34 IST" duration-ms="20" status="PASS">
          <params>
            <param index="0">
              <value>
                <![CDATA[[TestResult name=openUrl status=SUCCESS method=AmazonHomePage.openUrl()[pri:0, instance:AmazonTest.AmazonCartTest@20140db9] output={null}]]]>
              </value>
            </param>
          </params>
          <reporter-output>
          </reporter-output>
        </test-method> <!-- status -->
      </class> <!-- AmazonTest.AmazonCartTest -->
      <class name="AmazonTest.AmazonHomePage">
        <test-method is-config="true" signature="InitializeDriver()[pri:0, instance:AmazonTest.AmazonHomePage@f09733f]" started-at="2024-07-17T10:30:49 IST" name="InitializeDriver" finished-at="2024-07-17T10:30:50 IST" duration-ms="1459" status="PASS">
          <reporter-output>
          </reporter-output>
        </test-method> <!-- InitializeDriver -->
        <test-method is-config="true" signature="beforeTestCase(java.lang.reflect.Method)[pri:0, instance:AmazonTest.AmazonHomePage@f09733f]" started-at="2024-07-17T10:30:50 IST" name="beforeTestCase" finished-at="2024-07-17T10:30:50 IST" duration-ms="6" status="PASS">
          <params>
            <param index="0">
              <value>
                <![CDATA[public void AmazonTest.AmazonHomePage.openUrl() throws java.lang.InterruptedException]]>
              </value>
            </param>
          </params>
          <reporter-output>
          </reporter-output>
        </test-method> <!-- beforeTestCase -->
        <test-method signature="openUrl()[pri:0, instance:AmazonTest.AmazonHomePage@f09733f]" started-at="2024-07-17T10:30:50 IST" name="openUrl" finished-at="2024-07-17T10:30:57 IST" duration-ms="7104" status="PASS">
          <reporter-output>
          </reporter-output>
        </test-method> <!-- openUrl -->
        <test-method is-config="true" signature="status(org.testng.ITestResult)[pri:0, instance:AmazonTest.AmazonHomePage@f09733f]" started-at="2024-07-17T10:30:57 IST" name="status" finished-at="2024-07-17T10:30:57 IST" duration-ms="166" status="PASS">
          <params>
            <param index="0">
              <value>
                <![CDATA[[TestResult name=openUrl status=SUCCESS method=AmazonHomePage.openUrl()[pri:0, instance:AmazonTest.AmazonHomePage@f09733f] output={null}]]]>
              </value>
            </param>
          </params>
          <reporter-output>
          </reporter-output>
        </test-method> <!-- status -->
        <test-method is-config="true" signature="quitBrowser()[pri:0, instance:AmazonTest.AmazonHomePage@f09733f]" started-at="2024-07-17T10:31:34 IST" name="quitBrowser" finished-at="2024-07-17T10:31:34 IST" duration-ms="286" status="PASS">
          <reporter-output>
          </reporter-output>
        </test-method> <!-- quitBrowser -->
      </class> <!-- AmazonTest.AmazonHomePage -->
      <class name="AmazonTest.AmazonSearchPageTest">
        <test-method is-config="true" signature="beforeTestCase(java.lang.reflect.Method)[pri:0, instance:AmazonTest.AmazonSearchPageTest@60099951]" started-at="2024-07-17T10:31:18 IST" name="beforeTestCase" finished-at="2024-07-17T10:31:18 IST" duration-ms="0" status="PASS">
          <params>
            <param index="0">
              <value>
                <![CDATA[public void AmazonTest.AmazonHomePage.openUrl() throws java.lang.InterruptedException]]>
              </value>
            </param>
          </params>
          <reporter-output>
          </reporter-output>
        </test-method> <!-- beforeTestCase -->
        <test-method signature="openUrl()[pri:0, instance:AmazonTest.AmazonSearchPageTest@60099951]" started-at="2024-07-17T10:31:18 IST" name="openUrl" finished-at="2024-07-17T10:31:25 IST" duration-ms="7629" status="PASS">
          <reporter-output>
          </reporter-output>
        </test-method> <!-- openUrl -->
        <test-method is-config="true" signature="status(org.testng.ITestResult)[pri:0, instance:AmazonTest.AmazonSearchPageTest@60099951]" started-at="2024-07-17T10:31:25 IST" name="status" finished-at="2024-07-17T10:31:25 IST" duration-ms="23" status="PASS">
          <params>
            <param index="0">
              <value>
                <![CDATA[[TestResult name=openUrl status=SUCCESS method=AmazonHomePage.openUrl()[pri:0, instance:AmazonTest.AmazonSearchPageTest@60099951] output={null}]]]>
              </value>
            </param>
          </params>
          <reporter-output>
          </reporter-output>
        </test-method> <!-- status -->
        <test-method is-config="true" signature="beforeTestCase(java.lang.reflect.Method)[pri:0, instance:AmazonTest.AmazonSearchPageTest@60099951]" started-at="2024-07-17T10:31:25 IST" name="beforeTestCase" finished-at="2024-07-17T10:31:25 IST" duration-ms="0" status="PASS">
          <params>
            <param index="0">
              <value>
                <![CDATA[public void AmazonTest.AmazonSearchPageTest.searching() throws java.lang.InterruptedException]]>
              </value>
            </param>
          </params>
          <reporter-output>
          </reporter-output>
        </test-method> <!-- beforeTestCase -->
        <test-method signature="searching()[pri:0, instance:AmazonTest.AmazonSearchPageTest@60099951]" started-at="2024-07-17T10:31:25 IST" name="searching" finished-at="2024-07-17T10:31:27 IST" duration-ms="1736" status="PASS">
          <reporter-output>
          </reporter-output>
        </test-method> <!-- searching -->
        <test-method is-config="true" signature="status(org.testng.ITestResult)[pri:0, instance:AmazonTest.AmazonSearchPageTest@60099951]" started-at="2024-07-17T10:31:27 IST" name="status" finished-at="2024-07-17T10:31:27 IST" duration-ms="26" status="PASS">
          <params>
            <param index="0">
              <value>
                <![CDATA[[TestResult name=searching status=SUCCESS method=AmazonSearchPageTest.searching()[pri:0, instance:AmazonTest.AmazonSearchPageTest@60099951] output={null}]]]>
              </value>
            </param>
          </params>
          <reporter-output>
          </reporter-output>
        </test-method> <!-- status -->
      </class> <!-- AmazonTest.AmazonSearchPageTest -->
      <class name="AmazonTest.AmazonSigninTest">
        <test-method is-config="true" signature="beforeTestCase(java.lang.reflect.Method)[pri:0, instance:AmazonTest.AmazonSigninTest@1c7696c6]" started-at="2024-07-17T10:31:09 IST" name="beforeTestCase" finished-at="2024-07-17T10:31:09 IST" duration-ms="1" status="PASS">
          <params>
            <param index="0">
              <value>
                <![CDATA[public void AmazonTest.AmazonHomePage.openUrl() throws java.lang.InterruptedException]]>
              </value>
            </param>
          </params>
          <reporter-output>
          </reporter-output>
        </test-method> <!-- beforeTestCase -->
        <test-method signature="openUrl()[pri:0, instance:AmazonTest.AmazonSigninTest@1c7696c6]" started-at="2024-07-17T10:31:09 IST" name="openUrl" finished-at="2024-07-17T10:31:15 IST" duration-ms="5989" status="PASS">
          <reporter-output>
          </reporter-output>
        </test-method> <!-- openUrl -->
        <test-method is-config="true" signature="status(org.testng.ITestResult)[pri:0, instance:AmazonTest.AmazonSigninTest@1c7696c6]" started-at="2024-07-17T10:31:15 IST" name="status" finished-at="2024-07-17T10:31:15 IST" duration-ms="29" status="PASS">
          <params>
            <param index="0">
              <value>
                <![CDATA[[TestResult name=openUrl status=SUCCESS method=AmazonHomePage.openUrl()[pri:0, instance:AmazonTest.AmazonSigninTest@1c7696c6] output={null}]]]>
              </value>
            </param>
          </params>
          <reporter-output>
          </reporter-output>
        </test-method> <!-- status -->
        <test-method is-config="true" signature="beforeTestCase(java.lang.reflect.Method)[pri:0, instance:AmazonTest.AmazonSigninTest@1c7696c6]" started-at="2024-07-17T10:31:15 IST" name="beforeTestCase" finished-at="2024-07-17T10:31:15 IST" duration-ms="1" status="PASS">
          <params>
            <param index="0">
              <value>
                <![CDATA[public void AmazonTest.AmazonSigninTest.Amazonlogin() throws java.lang.InterruptedException]]>
              </value>
            </param>
          </params>
          <reporter-output>
          </reporter-output>
        </test-method> <!-- beforeTestCase -->
        <test-method signature="Amazonlogin()[pri:0, instance:AmazonTest.AmazonSigninTest@1c7696c6]" started-at="2024-07-17T10:31:15 IST" name="Amazonlogin" finished-at="2024-07-17T10:31:18 IST" duration-ms="2822" status="PASS">
          <reporter-output>
          </reporter-output>
        </test-method> <!-- Amazonlogin -->
        <test-method is-config="true" signature="status(org.testng.ITestResult)[pri:0, instance:AmazonTest.AmazonSigninTest@1c7696c6]" started-at="2024-07-17T10:31:18 IST" name="status" finished-at="2024-07-17T10:31:18 IST" duration-ms="27" status="PASS">
          <params>
            <param index="0">
              <value>
                <![CDATA[[TestResult name=Amazonlogin status=SUCCESS method=AmazonSigninTest.Amazonlogin()[pri:0, instance:AmazonTest.AmazonSigninTest@1c7696c6] output={null}]]]>
              </value>
            </param>
          </params>
          <reporter-output>
          </reporter-output>
        </test-method> <!-- status -->
      </class> <!-- AmazonTest.AmazonSigninTest -->
      <class name="AmazonTest.AmazonTabsTest">
        <test-method is-config="true" signature="beforeTestCase(java.lang.reflect.Method)[pri:0, instance:AmazonTest.AmazonTabsTest@6c1a5b54]" started-at="2024-07-17T10:30:57 IST" name="beforeTestCase" finished-at="2024-07-17T10:30:57 IST" duration-ms="0" status="PASS">
          <params>
            <param index="0">
              <value>
                <![CDATA[public void AmazonTest.AmazonHomePage.openUrl() throws java.lang.InterruptedException]]>
              </value>
            </param>
          </params>
          <reporter-output>
          </reporter-output>
        </test-method> <!-- beforeTestCase -->
        <test-method signature="openUrl()[pri:0, instance:AmazonTest.AmazonTabsTest@6c1a5b54]" started-at="2024-07-17T10:30:57 IST" name="openUrl" finished-at="2024-07-17T10:31:04 IST" duration-ms="6101" status="PASS">
          <reporter-output>
          </reporter-output>
        </test-method> <!-- openUrl -->
        <test-method is-config="true" signature="status(org.testng.ITestResult)[pri:0, instance:AmazonTest.AmazonTabsTest@6c1a5b54]" started-at="2024-07-17T10:31:04 IST" name="status" finished-at="2024-07-17T10:31:04 IST" duration-ms="34" status="PASS">
          <params>
            <param index="0">
              <value>
                <![CDATA[[TestResult name=openUrl status=SUCCESS method=AmazonHomePage.openUrl()[pri:0, instance:AmazonTest.AmazonTabsTest@6c1a5b54] output={null}]]]>
              </value>
            </param>
          </params>
          <reporter-output>
          </reporter-output>
        </test-method> <!-- status -->
        <test-method is-config="true" signature="beforeTestCase(java.lang.reflect.Method)[pri:0, instance:AmazonTest.AmazonTabsTest@6c1a5b54]" started-at="2024-07-17T10:31:04 IST" name="beforeTestCase" finished-at="2024-07-17T10:31:04 IST" duration-ms="1" status="PASS">
          <params>
            <param index="0">
              <value>
                <![CDATA[public void AmazonTest.AmazonTabsTest.Amazontext()]]>
              </value>
            </param>
          </params>
          <reporter-output>
          </reporter-output>
        </test-method> <!-- beforeTestCase -->
        <test-method signature="Amazontext()[pri:0, instance:AmazonTest.AmazonTabsTest@6c1a5b54]" started-at="2024-07-17T10:31:04 IST" name="Amazontext" finished-at="2024-07-17T10:31:09 IST" duration-ms="5166" status="PASS">
          <reporter-output>
          </reporter-output>
        </test-method> <!-- Amazontext -->
        <test-method is-config="true" signature="status(org.testng.ITestResult)[pri:0, instance:AmazonTest.AmazonTabsTest@6c1a5b54]" started-at="2024-07-17T10:31:09 IST" name="status" finished-at="2024-07-17T10:31:09 IST" duration-ms="32" status="PASS">
          <params>
            <param index="0">
              <value>
                <![CDATA[[TestResult name=Amazontext status=SUCCESS method=AmazonTabsTest.Amazontext()[pri:0, instance:AmazonTest.AmazonTabsTest@6c1a5b54] output={null}]]]>
              </value>
            </param>
          </params>
          <reporter-output>
          </reporter-output>
        </test-method> <!-- status -->
      </class> <!-- AmazonTest.AmazonTabsTest -->
    </test> <!-- Test -->
  </suite> <!-- Suite -->
</testng-results>
